import _frozen_importlib # frozen
import _imp # builtin
import '_thread' # <class '_frozen_importlib.BuiltinImporter'>
import '_warnings' # <class '_frozen_importlib.BuiltinImporter'>
import '_weakref' # <class '_frozen_importlib.BuiltinImporter'>
import '_io' # <class '_frozen_importlib.BuiltinImporter'>
import 'marshal' # <class '_frozen_importlib.BuiltinImporter'>
import 'posix' # <class '_frozen_importlib.BuiltinImporter'>
import '_frozen_importlib_external' # <class '_frozen_importlib.FrozenImporter'>
# installing zipimport hook
import 'time' # <class '_frozen_importlib.BuiltinImporter'>
import 'zipimport' # <class '_frozen_importlib.FrozenImporter'>
# installed zipimport hook
# /opt/homebrew/Cellar/python@3.13/3.13.1/Frameworks/Python.framework/Versions/3.13/lib/python3.13/encodings/__pycache__/__init__.cpython-313.pyc matches /opt/homebrew/Cellar/python@3.13/3.13.1/Frameworks/Python.framework/Versions/3.13/lib/python3.13/encodings/__init__.py
# code object from '/opt/homebrew/Cellar/python@3.13/3.13.1/Frameworks/Python.framework/Versions/3.13/lib/python3.13/encodings/__pycache__/__init__.cpython-313.pyc'
import '_codecs' # <class '_frozen_importlib.BuiltinImporter'>
import 'codecs' # <class '_frozen_importlib.FrozenImporter'>
# /opt/homebrew/Cellar/python@3.13/3.13.1/Frameworks/Python.framework/Versions/3.13/lib/python3.13/encodings/__pycache__/aliases.cpython-313.pyc matches /opt/homebrew/Cellar/python@3.13/3.13.1/Frameworks/Python.framework/Versions/3.13/lib/python3.13/encodings/aliases.py
# code object from '/opt/homebrew/Cellar/python@3.13/3.13.1/Frameworks/Python.framework/Versions/3.13/lib/python3.13/encodings/__pycache__/aliases.cpython-313.pyc'
import 'encodings.aliases' # <_frozen_importlib_external.SourceFileLoader object at 0x100a2df90>
import 'encodings' # <_frozen_importlib_external.SourceFileLoader object at 0x1009a9400>
# /opt/homebrew/Cellar/python@3.13/3.13.1/Frameworks/Python.framework/Versions/3.13/lib/python3.13/encodings/__pycache__/utf_8.cpython-313.pyc matches /opt/homebrew/Cellar/python@3.13/3.13.1/Frameworks/Python.framework/Versions/3.13/lib/python3.13/encodings/utf_8.py
# code object from '/opt/homebrew/Cellar/python@3.13/3.13.1/Frameworks/Python.framework/Versions/3.13/lib/python3.13/encodings/__pycache__/utf_8.cpython-313.pyc'
import 'encodings.utf_8' # <_frozen_importlib_external.SourceFileLoader object at 0x100a2e210>
import '_signal' # <class '_frozen_importlib.BuiltinImporter'>
import '_abc' # <class '_frozen_importlib.BuiltinImporter'>
import 'abc' # <class '_frozen_importlib.FrozenImporter'>
import 'io' # <class '_frozen_importlib.FrozenImporter'>
import '_stat' # <class '_frozen_importlib.BuiltinImporter'>
import 'stat' # <class '_frozen_importlib.FrozenImporter'>
import '_collections_abc' # <class '_frozen_importlib.FrozenImporter'>
import 'errno' # <class '_frozen_importlib.BuiltinImporter'>
import 'genericpath' # <class '_frozen_importlib.FrozenImporter'>
import 'posixpath' # <class '_frozen_importlib.FrozenImporter'>
import 'os' # <class '_frozen_importlib.FrozenImporter'>
import '_sitebuiltins' # <class '_frozen_importlib.FrozenImporter'>
Processing global site-packages
Adding directory: '/Users/raushan/Desktop/hackathon/warroom/backend/.venv/lib/python3.13/site-packages'
Processing user site-packages
Processing global site-packages
Adding directory: '/Users/raushan/Desktop/hackathon/warroom/backend/.venv/lib/python3.13/site-packages'
# /opt/homebrew/Cellar/python@3.13/3.13.1/Frameworks/Python.framework/Versions/3.13/lib/python3.13/__pycache__/sitecustomize.cpython-313.pyc matches /opt/homebrew/Cellar/python@3.13/3.13.1/Frameworks/Python.framework/Versions/3.13/lib/python3.13/sitecustomize.py
# code object from '/opt/homebrew/Cellar/python@3.13/3.13.1/Frameworks/Python.framework/Versions/3.13/lib/python3.13/__pycache__/sitecustomize.cpython-313.pyc'
# /opt/homebrew/Cellar/python@3.13/3.13.1/Frameworks/Python.framework/Versions/3.13/lib/python3.13/re/__pycache__/__init__.cpython-313.pyc matches /opt/homebrew/Cellar/python@3.13/3.13.1/Frameworks/Python.framework/Versions/3.13/lib/python3.13/re/__init__.py
# code object from '/opt/homebrew/Cellar/python@3.13/3.13.1/Frameworks/Python.framework/Versions/3.13/lib/python3.13/re/__pycache__/__init__.cpython-313.pyc'
# /opt/homebrew/Cellar/python@3.13/3.13.1/Frameworks/Python.framework/Versions/3.13/lib/python3.13/__pycache__/enum.cpython-313.pyc matches /opt/homebrew/Cellar/python@3.13/3.13.1/Frameworks/Python.framework/Versions/3.13/lib/python3.13/enum.py
# code object from '/opt/homebrew/Cellar/python@3.13/3.13.1/Frameworks/Python.framework/Versions/3.13/lib/python3.13/__pycache__/enum.cpython-313.pyc'
# /opt/homebrew/Cellar/python@3.13/3.13.1/Frameworks/Python.framework/Versions/3.13/lib/python3.13/__pycache__/functools.cpython-313.pyc matches /opt/homebrew/Cellar/python@3.13/3.13.1/Frameworks/Python.framework/Versions/3.13/lib/python3.13/functools.py
# code object from '/opt/homebrew/Cellar/python@3.13/3.13.1/Frameworks/Python.framework/Versions/3.13/lib/python3.13/__pycache__/functools.cpython-313.pyc'
# /opt/homebrew/Cellar/python@3.13/3.13.1/Frameworks/Python.framework/Versions/3.13/lib/python3.13/collections/__pycache__/__init__.cpython-313.pyc matches /opt/homebrew/Cellar/python@3.13/3.13.1/Frameworks/Python.framework/Versions/3.13/lib/python3.13/collections/__init__.py
# code object from '/opt/homebrew/Cellar/python@3.13/3.13.1/Frameworks/Python.framework/Versions/3.13/lib/python3.13/collections/__pycache__/__init__.cpython-313.pyc'
import 'itertools' # <class '_frozen_importlib.BuiltinImporter'>
# /opt/homebrew/Cellar/python@3.13/3.13.1/Frameworks/Python.framework/Versions/3.13/lib/python3.13/__pycache__/keyword.cpython-313.pyc matches /opt/homebrew/Cellar/python@3.13/3.13.1/Frameworks/Python.framework/Versions/3.13/lib/python3.13/keyword.py
# code object from '/opt/homebrew/Cellar/python@3.13/3.13.1/Frameworks/Python.framework/Versions/3.13/lib/python3.13/__pycache__/keyword.cpython-313.pyc'
import 'keyword' # <_frozen_importlib_external.SourceFileLoader object at 0x100b1d950>
# /opt/homebrew/Cellar/python@3.13/3.13.1/Frameworks/Python.framework/Versions/3.13/lib/python3.13/__pycache__/operator.cpython-313.pyc matches /opt/homebrew/Cellar/python@3.13/3.13.1/Frameworks/Python.framework/Versions/3.13/lib/python3.13/operator.py
# code object from '/opt/homebrew/Cellar/python@3.13/3.13.1/Frameworks/Python.framework/Versions/3.13/lib/python3.13/__pycache__/operator.cpython-313.pyc'
import '_operator' # <class '_frozen_importlib.BuiltinImporter'>
import 'operator' # <_frozen_importlib_external.SourceFileLoader object at 0x100b1e250>
# /opt/homebrew/Cellar/python@3.13/3.13.1/Frameworks/Python.framework/Versions/3.13/lib/python3.13/__pycache__/reprlib.cpython-313.pyc matches /opt/homebrew/Cellar/python@3.13/3.13.1/Frameworks/Python.framework/Versions/3.13/lib/python3.13/reprlib.py
# code object from '/opt/homebrew/Cellar/python@3.13/3.13.1/Frameworks/Python.framework/Versions/3.13/lib/python3.13/__pycache__/reprlib.cpython-313.pyc'
import 'reprlib' # <_frozen_importlib_external.SourceFileLoader object at 0x100ac35c0>
import '_collections' # <class '_frozen_importlib.BuiltinImporter'>
import 'collections' # <_frozen_importlib_external.SourceFileLoader object at 0x100ad69c0>
import '_functools' # <class '_frozen_importlib.BuiltinImporter'>
import 'functools' # <_frozen_importlib_external.SourceFileLoader object at 0x100ad59d0>
# /opt/homebrew/Cellar/python@3.13/3.13.1/Frameworks/Python.framework/Versions/3.13/lib/python3.13/__pycache__/types.cpython-313.pyc matches /opt/homebrew/Cellar/python@3.13/3.13.1/Frameworks/Python.framework/Versions/3.13/lib/python3.13/types.py
# code object from '/opt/homebrew/Cellar/python@3.13/3.13.1/Frameworks/Python.framework/Versions/3.13/lib/python3.13/__pycache__/types.cpython-313.pyc'
import 'types' # <_frozen_importlib_external.SourceFileLoader object at 0x100ac2990>
import 'enum' # <_frozen_importlib_external.SourceFileLoader object at 0x1009dbe30>
# /opt/homebrew/Cellar/python@3.13/3.13.1/Frameworks/Python.framework/Versions/3.13/lib/python3.13/re/__pycache__/_compiler.cpython-313.pyc matches /opt/homebrew/Cellar/python@3.13/3.13.1/Frameworks/Python.framework/Versions/3.13/lib/python3.13/re/_compiler.py
# code object from '/opt/homebrew/Cellar/python@3.13/3.13.1/Frameworks/Python.framework/Versions/3.13/lib/python3.13/re/__pycache__/_compiler.cpython-313.pyc'
import '_sre' # <class '_frozen_importlib.BuiltinImporter'>
# /opt/homebrew/Cellar/python@3.13/3.13.1/Frameworks/Python.framework/Versions/3.13/lib/python3.13/re/__pycache__/_parser.cpython-313.pyc matches /opt/homebrew/Cellar/python@3.13/3.13.1/Frameworks/Python.framework/Versions/3.13/lib/python3.13/re/_parser.py
# code object from '/opt/homebrew/Cellar/python@3.13/3.13.1/Frameworks/Python.framework/Versions/3.13/lib/python3.13/re/__pycache__/_parser.cpython-313.pyc'
# /opt/homebrew/Cellar/python@3.13/3.13.1/Frameworks/Python.framework/Versions/3.13/lib/python3.13/re/__pycache__/_constants.cpython-313.pyc matches /opt/homebrew/Cellar/python@3.13/3.13.1/Frameworks/Python.framework/Versions/3.13/lib/python3.13/re/_constants.py
# code object from '/opt/homebrew/Cellar/python@3.13/3.13.1/Frameworks/Python.framework/Versions/3.13/lib/python3.13/re/__pycache__/_constants.cpython-313.pyc'
import 're._constants' # <_frozen_importlib_external.SourceFileLoader object at 0x100b686d0>
import 're._parser' # <_frozen_importlib_external.SourceFileLoader object at 0x100afe5f0>
# /opt/homebrew/Cellar/python@3.13/3.13.1/Frameworks/Python.framework/Versions/3.13/lib/python3.13/re/__pycache__/_casefix.cpython-313.pyc matches /opt/homebrew/Cellar/python@3.13/3.13.1/Frameworks/Python.framework/Versions/3.13/lib/python3.13/re/_casefix.py
# code object from '/opt/homebrew/Cellar/python@3.13/3.13.1/Frameworks/Python.framework/Versions/3.13/lib/python3.13/re/__pycache__/_casefix.cpython-313.pyc'
import 're._casefix' # <_frozen_importlib_external.SourceFileLoader object at 0x1009bac90>
import 're._compiler' # <_frozen_importlib_external.SourceFileLoader object at 0x100afe350>
# /opt/homebrew/Cellar/python@3.13/3.13.1/Frameworks/Python.framework/Versions/3.13/lib/python3.13/__pycache__/copyreg.cpython-313.pyc matches /opt/homebrew/Cellar/python@3.13/3.13.1/Frameworks/Python.framework/Versions/3.13/lib/python3.13/copyreg.py
# code object from '/opt/homebrew/Cellar/python@3.13/3.13.1/Frameworks/Python.framework/Versions/3.13/lib/python3.13/__pycache__/copyreg.cpython-313.pyc'
import 'copyreg' # <_frozen_importlib_external.SourceFileLoader object at 0x1009bb7d0>
import 're' # <_frozen_importlib_external.SourceFileLoader object at 0x100a1a3f0>
import 'sitecustomize' # <_frozen_importlib_external.SourceFileLoader object at 0x100a1a190>
import 'site' # <class '_frozen_importlib.FrozenImporter'>
Python 3.13.1 (main, Dec  3 2024, 17:59:52) [Clang 16.0.0 (clang-1600.0.26.4)] on darwin
Type "help", "copyright", "credits" or "license" for more information.
# /opt/homebrew/Cellar/python@3.13/3.13.1/Frameworks/Python.framework/Versions/3.13/lib/python3.13/__pycache__/linecache.cpython-313.pyc matches /opt/homebrew/Cellar/python@3.13/3.13.1/Frameworks/Python.framework/Versions/3.13/lib/python3.13/linecache.py
# code object from '/opt/homebrew/Cellar/python@3.13/3.13.1/Frameworks/Python.framework/Versions/3.13/lib/python3.13/__pycache__/linecache.cpython-313.pyc'
import 'linecache' # <_frozen_importlib_external.SourceFileLoader object at 0x100b48cb0>
# /Users/raushan/Desktop/hackathon/warroom/backend/.venv/lib/python3.13/site-packages/anyio/__pycache__/__init__.cpython-313.pyc matches /Users/raushan/Desktop/hackathon/warroom/backend/.venv/lib/python3.13/site-packages/anyio/__init__.py
# code object from '/Users/raushan/Desktop/hackathon/warroom/backend/.venv/lib/python3.13/site-packages/anyio/__pycache__/__init__.cpython-313.pyc'
# /opt/homebrew/Cellar/python@3.13/3.13.1/Frameworks/Python.framework/Versions/3.13/lib/python3.13/__pycache__/__future__.cpython-313.pyc matches /opt/homebrew/Cellar/python@3.13/3.13.1/Frameworks/Python.framework/Versions/3.13/lib/python3.13/__future__.py
# code object from '/opt/homebrew/Cellar/python@3.13/3.13.1/Frameworks/Python.framework/Versions/3.13/lib/python3.13/__pycache__/__future__.cpython-313.pyc'
import '__future__' # <_frozen_importlib_external.SourceFileLoader object at 0x100bb1e50>
# /Users/raushan/Desktop/hackathon/warroom/backend/.venv/lib/python3.13/site-packages/anyio/_core/__pycache__/__init__.cpython-313.pyc matches /Users/raushan/Desktop/hackathon/warroom/backend/.venv/lib/python3.13/site-packages/anyio/_core/__init__.py
# code object from '/Users/raushan/Desktop/hackathon/warroom/backend/.venv/lib/python3.13/site-packages/anyio/_core/__pycache__/__init__.cpython-313.pyc'
import 'anyio._core' # <_frozen_importlib_external.SourceFileLoader object at 0x100bb2490>
# /Users/raushan/Desktop/hackathon/warroom/backend/.venv/lib/python3.13/site-packages/anyio/_core/__pycache__/_contextmanagers.cpython-313.pyc matches /Users/raushan/Desktop/hackathon/warroom/backend/.venv/lib/python3.13/site-packages/anyio/_core/_contextmanagers.py
# code object from '/Users/raushan/Desktop/hackathon/warroom/backend/.venv/lib/python3.13/site-packages/anyio/_core/__pycache__/_contextmanagers.cpython-313.pyc'
# /opt/homebrew/Cellar/python@3.13/3.13.1/Frameworks/Python.framework/Versions/3.13/lib/python3.13/__pycache__/contextlib.cpython-313.pyc matches /opt/homebrew/Cellar/python@3.13/3.13.1/Frameworks/Python.framework/Versions/3.13/lib/python3.13/contextlib.py
# code object from '/opt/homebrew/Cellar/python@3.13/3.13.1/Frameworks/Python.framework/Versions/3.13/lib/python3.13/__pycache__/contextlib.cpython-313.pyc'
import 'contextlib' # <_frozen_importlib_external.SourceFileLoader object at 0x100b230d0>
# /opt/homebrew/Cellar/python@3.13/3.13.1/Frameworks/Python.framework/Versions/3.13/lib/python3.13/__pycache__/inspect.cpython-313.pyc matches /opt/homebrew/Cellar/python@3.13/3.13.1/Frameworks/Python.framework/Versions/3.13/lib/python3.13/inspect.py
# code object from '/opt/homebrew/Cellar/python@3.13/3.13.1/Frameworks/Python.framework/Versions/3.13/lib/python3.13/__pycache__/inspect.cpython-313.pyc'
# /opt/homebrew/Cellar/python@3.13/3.13.1/Frameworks/Python.framework/Versions/3.13/lib/python3.13/__pycache__/ast.cpython-313.pyc matches /opt/homebrew/Cellar/python@3.13/3.13.1/Frameworks/Python.framework/Versions/3.13/lib/python3.13/ast.py
# code object from '/opt/homebrew/Cellar/python@3.13/3.13.1/Frameworks/Python.framework/Versions/3.13/lib/python3.13/__pycache__/ast.cpython-313.pyc'
import '_ast' # <class '_frozen_importlib.BuiltinImporter'>
import 'ast' # <_frozen_importlib_external.SourceFileLoader object at 0x100b46a50>
# /opt/homebrew/Cellar/python@3.13/3.13.1/Frameworks/Python.framework/Versions/3.13/lib/python3.13/__pycache__/dis.cpython-313.pyc matches /opt/homebrew/Cellar/python@3.13/3.13.1/Frameworks/Python.framework/Versions/3.13/lib/python3.13/dis.py
# code object from '/opt/homebrew/Cellar/python@3.13/3.13.1/Frameworks/Python.framework/Versions/3.13/lib/python3.13/__pycache__/dis.cpython-313.pyc'
# /opt/homebrew/Cellar/python@3.13/3.13.1/Frameworks/Python.framework/Versions/3.13/lib/python3.13/__pycache__/opcode.cpython-313.pyc matches /opt/homebrew/Cellar/python@3.13/3.13.1/Frameworks/Python.framework/Versions/3.13/lib/python3.13/opcode.py
# code object from '/opt/homebrew/Cellar/python@3.13/3.13.1/Frameworks/Python.framework/Versions/3.13/lib/python3.13/__pycache__/opcode.cpython-313.pyc'
# extension module '_opcode' loaded from '/opt/homebrew/Cellar/python@3.13/3.13.1/Frameworks/Python.framework/Versions/3.13/lib/python3.13/lib-dynload/_opcode.cpython-313-darwin.so'
# extension module '_opcode' executed from '/opt/homebrew/Cellar/python@3.13/3.13.1/Frameworks/Python.framework/Versions/3.13/lib/python3.13/lib-dynload/_opcode.cpython-313-darwin.so'
import '_opcode' # <_frozen_importlib_external.ExtensionFileLoader object at 0x100b3ba10>
# /opt/homebrew/Cellar/python@3.13/3.13.1/Frameworks/Python.framework/Versions/3.13/lib/python3.13/__pycache__/_opcode_metadata.cpython-313.pyc matches /opt/homebrew/Cellar/python@3.13/3.13.1/Frameworks/Python.framework/Versions/3.13/lib/python3.13/_opcode_metadata.py
# code object from '/opt/homebrew/Cellar/python@3.13/3.13.1/Frameworks/Python.framework/Versions/3.13/lib/python3.13/__pycache__/_opcode_metadata.cpython-313.pyc'
import '_opcode_metadata' # <_frozen_importlib_external.SourceFileLoader object at 0x100c2d8b0>
import 'opcode' # <_frozen_importlib_external.SourceFileLoader object at 0x100c2d6d0>
import 'dis' # <_frozen_importlib_external.SourceFileLoader object at 0x100c097f0>
# /opt/homebrew/Cellar/python@3.13/3.13.1/Frameworks/Python.framework/Versions/3.13/lib/python3.13/importlib/__pycache__/__init__.cpython-313.pyc matches /opt/homebrew/Cellar/python@3.13/3.13.1/Frameworks/Python.framework/Versions/3.13/lib/python3.13/importlib/__init__.py
# code object from '/opt/homebrew/Cellar/python@3.13/3.13.1/Frameworks/Python.framework/Versions/3.13/lib/python3.13/importlib/__pycache__/__init__.cpython-313.pyc'
import 'importlib' # <_frozen_importlib_external.SourceFileLoader object at 0x100c2e090>
import 'importlib.machinery' # <class '_frozen_importlib.FrozenImporter'>
# /opt/homebrew/Cellar/python@3.13/3.13.1/Frameworks/Python.framework/Versions/3.13/lib/python3.13/__pycache__/tokenize.cpython-313.pyc matches /opt/homebrew/Cellar/python@3.13/3.13.1/Frameworks/Python.framework/Versions/3.13/lib/python3.13/tokenize.py
# code object from '/opt/homebrew/Cellar/python@3.13/3.13.1/Frameworks/Python.framework/Versions/3.13/lib/python3.13/__pycache__/tokenize.cpython-313.pyc'
# /opt/homebrew/Cellar/python@3.13/3.13.1/Frameworks/Python.framework/Versions/3.13/lib/python3.13/__pycache__/token.cpython-313.pyc matches /opt/homebrew/Cellar/python@3.13/3.13.1/Frameworks/Python.framework/Versions/3.13/lib/python3.13/token.py
# code object from '/opt/homebrew/Cellar/python@3.13/3.13.1/Frameworks/Python.framework/Versions/3.13/lib/python3.13/__pycache__/token.cpython-313.pyc'
import 'token' # <_frozen_importlib_external.SourceFileLoader object at 0x100c2e3f0>
import '_tokenize' # <class '_frozen_importlib.BuiltinImporter'>
import 'tokenize' # <_frozen_importlib_external.SourceFileLoader object at 0x100c2dfd0>
# /opt/homebrew/Cellar/python@3.13/3.13.1/Frameworks/Python.framework/Versions/3.13/lib/python3.13/__pycache__/weakref.cpython-313.pyc matches /opt/homebrew/Cellar/python@3.13/3.13.1/Frameworks/Python.framework/Versions/3.13/lib/python3.13/weakref.py
# code object from '/opt/homebrew/Cellar/python@3.13/3.13.1/Frameworks/Python.framework/Versions/3.13/lib/python3.13/__pycache__/weakref.cpython-313.pyc'
# /opt/homebrew/Cellar/python@3.13/3.13.1/Frameworks/Python.framework/Versions/3.13/lib/python3.13/__pycache__/_weakrefset.cpython-313.pyc matches /opt/homebrew/Cellar/python@3.13/3.13.1/Frameworks/Python.framework/Versions/3.13/lib/python3.13/_weakrefset.py
# code object from '/opt/homebrew/Cellar/python@3.13/3.13.1/Frameworks/Python.framework/Versions/3.13/lib/python3.13/__pycache__/_weakrefset.cpython-313.pyc'
import '_weakrefset' # <_frozen_importlib_external.SourceFileLoader object at 0x100c2f170>
import 'weakref' # <_frozen_importlib_external.SourceFileLoader object at 0x100c2e2d0>
import 'inspect' # <_frozen_importlib_external.SourceFileLoader object at 0x100b23b50>
# /opt/homebrew/Cellar/python@3.13/3.13.1/Frameworks/Python.framework/Versions/3.13/lib/python3.13/__pycache__/typing.cpython-313.pyc matches /opt/homebrew/Cellar/python@3.13/3.13.1/Frameworks/Python.framework/Versions/3.13/lib/python3.13/typing.py
# code object from '/opt/homebrew/Cellar/python@3.13/3.13.1/Frameworks/Python.framework/Versions/3.13/lib/python3.13/__pycache__/typing.cpython-313.pyc'
import '_typing' # <class '_frozen_importlib.BuiltinImporter'>
import 'typing' # <_frozen_importlib_external.SourceFileLoader object at 0x100be0890>
import 'anyio._core._contextmanagers' # <_frozen_importlib_external.SourceFileLoader object at 0x1009cff50>
# /Users/raushan/Desktop/hackathon/warroom/backend/.venv/lib/python3.13/site-packages/anyio/_core/__pycache__/_eventloop.cpython-313.pyc matches /Users/raushan/Desktop/hackathon/warroom/backend/.venv/lib/python3.13/site-packages/anyio/_core/_eventloop.py
# code object from '/Users/raushan/Desktop/hackathon/warroom/backend/.venv/lib/python3.13/site-packages/anyio/_core/__pycache__/_eventloop.cpython-313.pyc'
# extension module 'math' loaded from '/opt/homebrew/Cellar/python@3.13/3.13.1/Frameworks/Python.framework/Versions/3.13/lib/python3.13/lib-dynload/math.cpython-313-darwin.so'
# extension module 'math' executed from '/opt/homebrew/Cellar/python@3.13/3.13.1/Frameworks/Python.framework/Versions/3.13/lib/python3.13/lib-dynload/math.cpython-313-darwin.so'
import 'math' # <_frozen_importlib_external.ExtensionFileLoader object at 0x100aec910>
# /opt/homebrew/Cellar/python@3.13/3.13.1/Frameworks/Python.framework/Versions/3.13/lib/python3.13/__pycache__/threading.cpython-313.pyc matches /opt/homebrew/Cellar/python@3.13/3.13.1/Frameworks/Python.framework/Versions/3.13/lib/python3.13/threading.py
# code object from '/opt/homebrew/Cellar/python@3.13/3.13.1/Frameworks/Python.framework/Versions/3.13/lib/python3.13/__pycache__/threading.cpython-313.pyc'
# /opt/homebrew/Cellar/python@3.13/3.13.1/Frameworks/Python.framework/Versions/3.13/lib/python3.13/__pycache__/warnings.cpython-313.pyc matches /opt/homebrew/Cellar/python@3.13/3.13.1/Frameworks/Python.framework/Versions/3.13/lib/python3.13/warnings.py
# code object from '/opt/homebrew/Cellar/python@3.13/3.13.1/Frameworks/Python.framework/Versions/3.13/lib/python3.13/__pycache__/warnings.cpython-313.pyc'
import 'warnings' # <_frozen_importlib_external.SourceFileLoader object at 0x10107c3b0>
import 'threading' # <_frozen_importlib_external.SourceFileLoader object at 0x10103f170>
# /opt/homebrew/Cellar/python@3.13/3.13.1/Frameworks/Python.framework/Versions/3.13/lib/python3.13/__pycache__/contextvars.cpython-313.pyc matches /opt/homebrew/Cellar/python@3.13/3.13.1/Frameworks/Python.framework/Versions/3.13/lib/python3.13/contextvars.py
# code object from '/opt/homebrew/Cellar/python@3.13/3.13.1/Frameworks/Python.framework/Versions/3.13/lib/python3.13/__pycache__/contextvars.cpython-313.pyc'
# extension module '_contextvars' loaded from '/opt/homebrew/Cellar/python@3.13/3.13.1/Frameworks/Python.framework/Versions/3.13/lib/python3.13/lib-dynload/_contextvars.cpython-313-darwin.so'
# extension module '_contextvars' executed from '/opt/homebrew/Cellar/python@3.13/3.13.1/Frameworks/Python.framework/Versions/3.13/lib/python3.13/lib-dynload/_contextvars.cpython-313-darwin.so'
import '_contextvars' # <_frozen_importlib_external.ExtensionFileLoader object at 0x100bef4d0>
import 'contextvars' # <_frozen_importlib_external.SourceFileLoader object at 0x10103fb90>
# /Users/raushan/Desktop/hackathon/warroom/backend/.venv/lib/python3.13/site-packages/anyio/_core/__pycache__/_exceptions.cpython-313.pyc matches /Users/raushan/Desktop/hackathon/warroom/backend/.venv/lib/python3.13/site-packages/anyio/_core/_exceptions.py
# code object from '/Users/raushan/Desktop/hackathon/warroom/backend/.venv/lib/python3.13/site-packages/anyio/_core/__pycache__/_exceptions.cpython-313.pyc'
# /opt/homebrew/Cellar/python@3.13/3.13.1/Frameworks/Python.framework/Versions/3.13/lib/python3.13/__pycache__/textwrap.cpython-313.pyc matches /opt/homebrew/Cellar/python@3.13/3.13.1/Frameworks/Python.framework/Versions/3.13/lib/python3.13/textwrap.py
# code object from '/opt/homebrew/Cellar/python@3.13/3.13.1/Frameworks/Python.framework/Versions/3.13/lib/python3.13/__pycache__/textwrap.cpython-313.pyc'
import 'textwrap' # <_frozen_importlib_external.SourceFileLoader object at 0x10107dc70>
import 'anyio._core._exceptions' # <_frozen_importlib_external.SourceFileLoader object at 0x10107d3d0>
# /Users/raushan/Desktop/hackathon/warroom/backend/.venv/lib/python3.13/site-packages/sniffio/__pycache__/__init__.cpython-313.pyc matches /Users/raushan/Desktop/hackathon/warroom/backend/.venv/lib/python3.13/site-packages/sniffio/__init__.py
# code object from '/Users/raushan/Desktop/hackathon/warroom/backend/.venv/lib/python3.13/site-packages/sniffio/__pycache__/__init__.cpython-313.pyc'
# /Users/raushan/Desktop/hackathon/warroom/backend/.venv/lib/python3.13/site-packages/sniffio/__pycache__/_version.cpython-313.pyc matches /Users/raushan/Desktop/hackathon/warroom/backend/.venv/lib/python3.13/site-packages/sniffio/_version.py
# code object from '/Users/raushan/Desktop/hackathon/warroom/backend/.venv/lib/python3.13/site-packages/sniffio/__pycache__/_version.cpython-313.pyc'
import 'sniffio._version' # <_frozen_importlib_external.SourceFileLoader object at 0x10107e510>
# /Users/raushan/Desktop/hackathon/warroom/backend/.venv/lib/python3.13/site-packages/sniffio/__pycache__/_impl.cpython-313.pyc matches /Users/raushan/Desktop/hackathon/warroom/backend/.venv/lib/python3.13/site-packages/sniffio/_impl.py
# code object from '/Users/raushan/Desktop/hackathon/warroom/backend/.venv/lib/python3.13/site-packages/sniffio/__pycache__/_impl.cpython-313.pyc'
import 'sniffio._impl' # <_frozen_importlib_external.SourceFileLoader object at 0x10107e690>
import 'sniffio' # <_frozen_importlib_external.SourceFileLoader object at 0x10107e4b0>
import 'anyio._core._eventloop' # <_frozen_importlib_external.SourceFileLoader object at 0x100b3ebd0>
# /Users/raushan/Desktop/hackathon/warroom/backend/.venv/lib/python3.13/site-packages/anyio/_core/__pycache__/_fileio.cpython-313.pyc matches /Users/raushan/Desktop/hackathon/warroom/backend/.venv/lib/python3.13/site-packages/anyio/_core/_fileio.py
# code object from '/Users/raushan/Desktop/hackathon/warroom/backend/.venv/lib/python3.13/site-packages/anyio/_core/__pycache__/_fileio.cpython-313.pyc'
# /opt/homebrew/Cellar/python@3.13/3.13.1/Frameworks/Python.framework/Versions/3.13/lib/python3.13/pathlib/__pycache__/__init__.cpython-313.pyc matches /opt/homebrew/Cellar/python@3.13/3.13.1/Frameworks/Python.framework/Versions/3.13/lib/python3.13/pathlib/__init__.py
# code object from '/opt/homebrew/Cellar/python@3.13/3.13.1/Frameworks/Python.framework/Versions/3.13/lib/python3.13/pathlib/__pycache__/__init__.cpython-313.pyc'
# /opt/homebrew/Cellar/python@3.13/3.13.1/Frameworks/Python.framework/Versions/3.13/lib/python3.13/pathlib/__pycache__/_abc.cpython-313.pyc matches /opt/homebrew/Cellar/python@3.13/3.13.1/Frameworks/Python.framework/Versions/3.13/lib/python3.13/pathlib/_abc.py
# code object from '/opt/homebrew/Cellar/python@3.13/3.13.1/Frameworks/Python.framework/Versions/3.13/lib/python3.13/pathlib/__pycache__/_abc.cpython-313.pyc'
# /opt/homebrew/Cellar/python@3.13/3.13.1/Frameworks/Python.framework/Versions/3.13/lib/python3.13/__pycache__/glob.cpython-313.pyc matches /opt/homebrew/Cellar/python@3.13/3.13.1/Frameworks/Python.framework/Versions/3.13/lib/python3.13/glob.py
# code object from '/opt/homebrew/Cellar/python@3.13/3.13.1/Frameworks/Python.framework/Versions/3.13/lib/python3.13/__pycache__/glob.cpython-313.pyc'
# /opt/homebrew/Cellar/python@3.13/3.13.1/Frameworks/Python.framework/Versions/3.13/lib/python3.13/__pycache__/fnmatch.cpython-313.pyc matches /opt/homebrew/Cellar/python@3.13/3.13.1/Frameworks/Python.framework/Versions/3.13/lib/python3.13/fnmatch.py
# code object from '/opt/homebrew/Cellar/python@3.13/3.13.1/Frameworks/Python.framework/Versions/3.13/lib/python3.13/__pycache__/fnmatch.cpython-313.pyc'
import 'fnmatch' # <_frozen_importlib_external.SourceFileLoader object at 0x1010e8f50>
import 'glob' # <_frozen_importlib_external.SourceFileLoader object at 0x10107ec30>
import 'pathlib._abc' # <_frozen_importlib_external.SourceFileLoader object at 0x10107e990>
# /opt/homebrew/Cellar/python@3.13/3.13.1/Frameworks/Python.framework/Versions/3.13/lib/python3.13/pathlib/__pycache__/_local.cpython-313.pyc matches /opt/homebrew/Cellar/python@3.13/3.13.1/Frameworks/Python.framework/Versions/3.13/lib/python3.13/pathlib/_local.py
# code object from '/opt/homebrew/Cellar/python@3.13/3.13.1/Frameworks/Python.framework/Versions/3.13/lib/python3.13/pathlib/__pycache__/_local.cpython-313.pyc'
import 'ntpath' # <class '_frozen_importlib.FrozenImporter'>
import 'pwd' # <class '_frozen_importlib.BuiltinImporter'>
# extension module 'grp' loaded from '/opt/homebrew/Cellar/python@3.13/3.13.1/Frameworks/Python.framework/Versions/3.13/lib/python3.13/lib-dynload/grp.cpython-313-darwin.so'
# extension module 'grp' executed from '/opt/homebrew/Cellar/python@3.13/3.13.1/Frameworks/Python.framework/Versions/3.13/lib/python3.13/lib-dynload/grp.cpython-313-darwin.so'
import 'grp' # <_frozen_importlib_external.ExtensionFileLoader object at 0x100c6f490>
import 'pathlib._local' # <_frozen_importlib_external.SourceFileLoader object at 0x1010e8e90>
import 'pathlib' # <_frozen_importlib_external.SourceFileLoader object at 0x10107e930>
# /opt/homebrew/Cellar/python@3.13/3.13.1/Frameworks/Python.framework/Versions/3.13/lib/python3.13/__pycache__/dataclasses.cpython-313.pyc matches /opt/homebrew/Cellar/python@3.13/3.13.1/Frameworks/Python.framework/Versions/3.13/lib/python3.13/dataclasses.py
# code object from '/opt/homebrew/Cellar/python@3.13/3.13.1/Frameworks/Python.framework/Versions/3.13/lib/python3.13/__pycache__/dataclasses.cpython-313.pyc'
# /opt/homebrew/Cellar/python@3.13/3.13.1/Frameworks/Python.framework/Versions/3.13/lib/python3.13/__pycache__/copy.cpython-313.pyc matches /opt/homebrew/Cellar/python@3.13/3.13.1/Frameworks/Python.framework/Versions/3.13/lib/python3.13/copy.py
# code object from '/opt/homebrew/Cellar/python@3.13/3.13.1/Frameworks/Python.framework/Versions/3.13/lib/python3.13/__pycache__/copy.cpython-313.pyc'
import 'copy' # <_frozen_importlib_external.SourceFileLoader object at 0x1010eb470>
import 'dataclasses' # <_frozen_importlib_external.SourceFileLoader object at 0x10107e9f0>
# /Users/raushan/Desktop/hackathon/warroom/backend/.venv/lib/python3.13/site-packages/anyio/__pycache__/to_thread.cpython-313.pyc matches /Users/raushan/Desktop/hackathon/warroom/backend/.venv/lib/python3.13/site-packages/anyio/to_thread.py
# code object from '/Users/raushan/Desktop/hackathon/warroom/backend/.venv/lib/python3.13/site-packages/anyio/__pycache__/to_thread.cpython-313.pyc'
# /Users/raushan/Desktop/hackathon/warroom/backend/.venv/lib/python3.13/site-packages/anyio/abc/__pycache__/__init__.cpython-313.pyc matches /Users/raushan/Desktop/hackathon/warroom/backend/.venv/lib/python3.13/site-packages/anyio/abc/__init__.py
# code object from '/Users/raushan/Desktop/hackathon/warroom/backend/.venv/lib/python3.13/site-packages/anyio/abc/__pycache__/__init__.cpython-313.pyc'
# /Users/raushan/Desktop/hackathon/warroom/backend/.venv/lib/python3.13/site-packages/anyio/abc/__pycache__/_eventloop.cpython-313.pyc matches /Users/raushan/Desktop/hackathon/warroom/backend/.venv/lib/python3.13/site-packages/anyio/abc/_eventloop.py
# code object from '/Users/raushan/Desktop/hackathon/warroom/backend/.venv/lib/python3.13/site-packages/anyio/abc/__pycache__/_eventloop.cpython-313.pyc'
# /opt/homebrew/Cellar/python@3.13/3.13.1/Frameworks/Python.framework/Versions/3.13/lib/python3.13/__pycache__/signal.cpython-313.pyc matches /opt/homebrew/Cellar/python@3.13/3.13.1/Frameworks/Python.framework/Versions/3.13/lib/python3.13/signal.py
# code object from '/opt/homebrew/Cellar/python@3.13/3.13.1/Frameworks/Python.framework/Versions/3.13/lib/python3.13/__pycache__/signal.cpython-313.pyc'
import 'signal' # <_frozen_importlib_external.SourceFileLoader object at 0x10114c650>
# /opt/homebrew/Cellar/python@3.13/3.13.1/Frameworks/Python.framework/Versions/3.13/lib/python3.13/__pycache__/socket.cpython-313.pyc matches /opt/homebrew/Cellar/python@3.13/3.13.1/Frameworks/Python.framework/Versions/3.13/lib/python3.13/socket.py
# code object from '/opt/homebrew/Cellar/python@3.13/3.13.1/Frameworks/Python.framework/Versions/3.13/lib/python3.13/__pycache__/socket.cpython-313.pyc'
# extension module '_socket' loaded from '/opt/homebrew/Cellar/python@3.13/3.13.1/Frameworks/Python.framework/Versions/3.13/lib/python3.13/lib-dynload/_socket.cpython-313-darwin.so'
# extension module '_socket' executed from '/opt/homebrew/Cellar/python@3.13/3.13.1/Frameworks/Python.framework/Versions/3.13/lib/python3.13/lib-dynload/_socket.cpython-313-darwin.so'
import '_socket' # <_frozen_importlib_external.ExtensionFileLoader object at 0x1011303e0>
# /opt/homebrew/Cellar/python@3.13/3.13.1/Frameworks/Python.framework/Versions/3.13/lib/python3.13/__pycache__/selectors.cpython-313.pyc matches /opt/homebrew/Cellar/python@3.13/3.13.1/Frameworks/Python.framework/Versions/3.13/lib/python3.13/selectors.py
# code object from '/opt/homebrew/Cellar/python@3.13/3.13.1/Frameworks/Python.framework/Versions/3.13/lib/python3.13/__pycache__/selectors.cpython-313.pyc'
# extension module 'select' loaded from '/opt/homebrew/Cellar/python@3.13/3.13.1/Frameworks/Python.framework/Versions/3.13/lib/python3.13/lib-dynload/select.cpython-313-darwin.so'
# extension module 'select' executed from '/opt/homebrew/Cellar/python@3.13/3.13.1/Frameworks/Python.framework/Versions/3.13/lib/python3.13/lib-dynload/select.cpython-313-darwin.so'
import 'select' # <_frozen_importlib_external.ExtensionFileLoader object at 0x101164ef0>
import 'selectors' # <_frozen_importlib_external.SourceFileLoader object at 0x10114cfb0>
# extension module 'array' loaded from '/opt/homebrew/Cellar/python@3.13/3.13.1/Frameworks/Python.framework/Versions/3.13/lib/python3.13/lib-dynload/array.cpython-313-darwin.so'
# extension module 'array' executed from '/opt/homebrew/Cellar/python@3.13/3.13.1/Frameworks/Python.framework/Versions/3.13/lib/python3.13/lib-dynload/array.cpython-313-darwin.so'
import 'array' # <_frozen_importlib_external.ExtensionFileLoader object at 0x101083240>
import 'socket' # <_frozen_importlib_external.SourceFileLoader object at 0x10114c830>
import 'anyio.abc._eventloop' # <_frozen_importlib_external.SourceFileLoader object at 0x1010ebef0>
# /Users/raushan/Desktop/hackathon/warroom/backend/.venv/lib/python3.13/site-packages/anyio/abc/__pycache__/_resources.cpython-313.pyc matches /Users/raushan/Desktop/hackathon/warroom/backend/.venv/lib/python3.13/site-packages/anyio/abc/_resources.py
# code object from '/Users/raushan/Desktop/hackathon/warroom/backend/.venv/lib/python3.13/site-packages/anyio/abc/__pycache__/_resources.cpython-313.pyc'
import 'anyio.abc._resources' # <_frozen_importlib_external.SourceFileLoader object at 0x10114c5f0>
# /Users/raushan/Desktop/hackathon/warroom/backend/.venv/lib/python3.13/site-packages/anyio/abc/__pycache__/_sockets.cpython-313.pyc matches /Users/raushan/Desktop/hackathon/warroom/backend/.venv/lib/python3.13/site-packages/anyio/abc/_sockets.py
# code object from '/Users/raushan/Desktop/hackathon/warroom/backend/.venv/lib/python3.13/site-packages/anyio/abc/__pycache__/_sockets.cpython-313.pyc'
# /opt/homebrew/Cellar/python@3.13/3.13.1/Frameworks/Python.framework/Versions/3.13/lib/python3.13/__pycache__/ipaddress.cpython-313.pyc matches /opt/homebrew/Cellar/python@3.13/3.13.1/Frameworks/Python.framework/Versions/3.13/lib/python3.13/ipaddress.py
# code object from '/opt/homebrew/Cellar/python@3.13/3.13.1/Frameworks/Python.framework/Versions/3.13/lib/python3.13/__pycache__/ipaddress.cpython-313.pyc'
import 'ipaddress' # <_frozen_importlib_external.SourceFileLoader object at 0x10114cad0>
# /Users/raushan/Desktop/hackathon/warroom/backend/.venv/lib/python3.13/site-packages/anyio/_core/__pycache__/_typedattr.cpython-313.pyc matches /Users/raushan/Desktop/hackathon/warroom/backend/.venv/lib/python3.13/site-packages/anyio/_core/_typedattr.py
# code object from '/Users/raushan/Desktop/hackathon/warroom/backend/.venv/lib/python3.13/site-packages/anyio/_core/__pycache__/_typedattr.cpython-313.pyc'
import 'anyio._core._typedattr' # <_frozen_importlib_external.SourceFileLoader object at 0x10114f770>
# /Users/raushan/Desktop/hackathon/warroom/backend/.venv/lib/python3.13/site-packages/anyio/abc/__pycache__/_streams.cpython-313.pyc matches /Users/raushan/Desktop/hackathon/warroom/backend/.venv/lib/python3.13/site-packages/anyio/abc/_streams.py
# code object from '/Users/raushan/Desktop/hackathon/warroom/backend/.venv/lib/python3.13/site-packages/anyio/abc/__pycache__/_streams.cpython-313.pyc'
# /Users/raushan/Desktop/hackathon/warroom/backend/.venv/lib/python3.13/site-packages/anyio/abc/__pycache__/_tasks.cpython-313.pyc matches /Users/raushan/Desktop/hackathon/warroom/backend/.venv/lib/python3.13/site-packages/anyio/abc/_tasks.py
# code object from '/Users/raushan/Desktop/hackathon/warroom/backend/.venv/lib/python3.13/site-packages/anyio/abc/__pycache__/_tasks.cpython-313.pyc'
import 'anyio.abc._tasks' # <_frozen_importlib_external.SourceFileLoader object at 0x1011c4410>
import 'anyio.abc._streams' # <_frozen_importlib_external.SourceFileLoader object at 0x10114ea50>
import 'anyio.abc._sockets' # <_frozen_importlib_external.SourceFileLoader object at 0x10114c950>
# /Users/raushan/Desktop/hackathon/warroom/backend/.venv/lib/python3.13/site-packages/anyio/abc/__pycache__/_subprocesses.cpython-313.pyc matches /Users/raushan/Desktop/hackathon/warroom/backend/.venv/lib/python3.13/site-packages/anyio/abc/_subprocesses.py
# code object from '/Users/raushan/Desktop/hackathon/warroom/backend/.venv/lib/python3.13/site-packages/anyio/abc/__pycache__/_subprocesses.cpython-313.pyc'
import 'anyio.abc._subprocesses' # <_frozen_importlib_external.SourceFileLoader object at 0x10114cb30>
# /Users/raushan/Desktop/hackathon/warroom/backend/.venv/lib/python3.13/site-packages/anyio/abc/__pycache__/_testing.cpython-313.pyc matches /Users/raushan/Desktop/hackathon/warroom/backend/.venv/lib/python3.13/site-packages/anyio/abc/_testing.py
# code object from '/Users/raushan/Desktop/hackathon/warroom/backend/.venv/lib/python3.13/site-packages/anyio/abc/__pycache__/_testing.cpython-313.pyc'
import 'anyio.abc._testing' # <_frozen_importlib_external.SourceFileLoader object at 0x10114ca10>
# /Users/raushan/Desktop/hackathon/warroom/backend/.venv/lib/python3.13/site-packages/anyio/_core/__pycache__/_synchronization.cpython-313.pyc matches /Users/raushan/Desktop/hackathon/warroom/backend/.venv/lib/python3.13/site-packages/anyio/_core/_synchronization.py
# code object from '/Users/raushan/Desktop/hackathon/warroom/backend/.venv/lib/python3.13/site-packages/anyio/_core/__pycache__/_synchronization.cpython-313.pyc'
# /Users/raushan/Desktop/hackathon/warroom/backend/.venv/lib/python3.13/site-packages/anyio/__pycache__/lowlevel.cpython-313.pyc matches /Users/raushan/Desktop/hackathon/warroom/backend/.venv/lib/python3.13/site-packages/anyio/lowlevel.py
# code object from '/Users/raushan/Desktop/hackathon/warroom/backend/.venv/lib/python3.13/site-packages/anyio/__pycache__/lowlevel.cpython-313.pyc'
import 'anyio.lowlevel' # <_frozen_importlib_external.SourceFileLoader object at 0x1011c4830>
# /Users/raushan/Desktop/hackathon/warroom/backend/.venv/lib/python3.13/site-packages/anyio/_core/__pycache__/_tasks.cpython-313.pyc matches /Users/raushan/Desktop/hackathon/warroom/backend/.venv/lib/python3.13/site-packages/anyio/_core/_tasks.py
# code object from '/Users/raushan/Desktop/hackathon/warroom/backend/.venv/lib/python3.13/site-packages/anyio/_core/__pycache__/_tasks.cpython-313.pyc'
import 'anyio._core._tasks' # <_frozen_importlib_external.SourceFileLoader object at 0x1011c4d10>
# /Users/raushan/Desktop/hackathon/warroom/backend/.venv/lib/python3.13/site-packages/anyio/_core/__pycache__/_testing.cpython-313.pyc matches /Users/raushan/Desktop/hackathon/warroom/backend/.venv/lib/python3.13/site-packages/anyio/_core/_testing.py
# code object from '/Users/raushan/Desktop/hackathon/warroom/backend/.venv/lib/python3.13/site-packages/anyio/_core/__pycache__/_testing.cpython-313.pyc'
import 'anyio._core._testing' # <_frozen_importlib_external.SourceFileLoader object at 0x1011c51f0>
import 'anyio._core._synchronization' # <_frozen_importlib_external.SourceFileLoader object at 0x1011c4650>
# /Users/raushan/Desktop/hackathon/warroom/backend/.venv/lib/python3.13/site-packages/anyio/__pycache__/from_thread.cpython-313.pyc matches /Users/raushan/Desktop/hackathon/warroom/backend/.venv/lib/python3.13/site-packages/anyio/from_thread.py
# code object from '/Users/raushan/Desktop/hackathon/warroom/backend/.venv/lib/python3.13/site-packages/anyio/__pycache__/from_thread.cpython-313.pyc'
# /opt/homebrew/Cellar/python@3.13/3.13.1/Frameworks/Python.framework/Versions/3.13/lib/python3.13/concurrent/__pycache__/__init__.cpython-313.pyc matches /opt/homebrew/Cellar/python@3.13/3.13.1/Frameworks/Python.framework/Versions/3.13/lib/python3.13/concurrent/__init__.py
# code object from '/opt/homebrew/Cellar/python@3.13/3.13.1/Frameworks/Python.framework/Versions/3.13/lib/python3.13/concurrent/__pycache__/__init__.cpython-313.pyc'
import 'concurrent' # <_frozen_importlib_external.SourceFileLoader object at 0x1011c66f0>
# /opt/homebrew/Cellar/python@3.13/3.13.1/Frameworks/Python.framework/Versions/3.13/lib/python3.13/concurrent/futures/__pycache__/__init__.cpython-313.pyc matches /opt/homebrew/Cellar/python@3.13/3.13.1/Frameworks/Python.framework/Versions/3.13/lib/python3.13/concurrent/futures/__init__.py
# code object from '/opt/homebrew/Cellar/python@3.13/3.13.1/Frameworks/Python.framework/Versions/3.13/lib/python3.13/concurrent/futures/__pycache__/__init__.cpython-313.pyc'
# /opt/homebrew/Cellar/python@3.13/3.13.1/Frameworks/Python.framework/Versions/3.13/lib/python3.13/concurrent/futures/__pycache__/_base.cpython-313.pyc matches /opt/homebrew/Cellar/python@3.13/3.13.1/Frameworks/Python.framework/Versions/3.13/lib/python3.13/concurrent/futures/_base.py
# code object from '/opt/homebrew/Cellar/python@3.13/3.13.1/Frameworks/Python.framework/Versions/3.13/lib/python3.13/concurrent/futures/__pycache__/_base.cpython-313.pyc'
# /opt/homebrew/Cellar/python@3.13/3.13.1/Frameworks/Python.framework/Versions/3.13/lib/python3.13/logging/__pycache__/__init__.cpython-313.pyc matches /opt/homebrew/Cellar/python@3.13/3.13.1/Frameworks/Python.framework/Versions/3.13/lib/python3.13/logging/__init__.py
# code object from '/opt/homebrew/Cellar/python@3.13/3.13.1/Frameworks/Python.framework/Versions/3.13/lib/python3.13/logging/__pycache__/__init__.cpython-313.pyc'
# /opt/homebrew/Cellar/python@3.13/3.13.1/Frameworks/Python.framework/Versions/3.13/lib/python3.13/__pycache__/traceback.cpython-313.pyc matches /opt/homebrew/Cellar/python@3.13/3.13.1/Frameworks/Python.framework/Versions/3.13/lib/python3.13/traceback.py
# code object from '/opt/homebrew/Cellar/python@3.13/3.13.1/Frameworks/Python.framework/Versions/3.13/lib/python3.13/__pycache__/traceback.cpython-313.pyc'
# /opt/homebrew/Cellar/python@3.13/3.13.1/Frameworks/Python.framework/Versions/3.13/lib/python3.13/__pycache__/_colorize.cpython-313.pyc matches /opt/homebrew/Cellar/python@3.13/3.13.1/Frameworks/Python.framework/Versions/3.13/lib/python3.13/_colorize.py
# code object from '/opt/homebrew/Cellar/python@3.13/3.13.1/Frameworks/Python.framework/Versions/3.13/lib/python3.13/__pycache__/_colorize.cpython-313.pyc'
import '_colorize' # <_frozen_importlib_external.SourceFileLoader object at 0x1011c7ef0>
import 'traceback' # <_frozen_importlib_external.SourceFileLoader object at 0x1011c7c50>
# /opt/homebrew/Cellar/python@3.13/3.13.1/Frameworks/Python.framework/Versions/3.13/lib/python3.13/__pycache__/string.cpython-313.pyc matches /opt/homebrew/Cellar/python@3.13/3.13.1/Frameworks/Python.framework/Versions/3.13/lib/python3.13/string.py
# code object from '/opt/homebrew/Cellar/python@3.13/3.13.1/Frameworks/Python.framework/Versions/3.13/lib/python3.13/__pycache__/string.cpython-313.pyc'
import '_string' # <class '_frozen_importlib.BuiltinImporter'>
import 'string' # <_frozen_importlib_external.SourceFileLoader object at 0x10203eb10>
import 'atexit' # <class '_frozen_importlib.BuiltinImporter'>
import 'logging' # <_frozen_importlib_external.SourceFileLoader object at 0x1011c6a50>
import 'concurrent.futures._base' # <_frozen_importlib_external.SourceFileLoader object at 0x1011c6870>
import 'concurrent.futures' # <_frozen_importlib_external.SourceFileLoader object at 0x1011c6690>
import 'anyio.from_thread' # <_frozen_importlib_external.SourceFileLoader object at 0x1011c5b50>
import 'anyio.abc' # <_frozen_importlib_external.SourceFileLoader object at 0x1010eb050>
import 'anyio.to_thread' # <_frozen_importlib_external.SourceFileLoader object at 0x1010e98b0>
import 'anyio._core._fileio' # <_frozen_importlib_external.SourceFileLoader object at 0x10103e990>
# /Users/raushan/Desktop/hackathon/warroom/backend/.venv/lib/python3.13/site-packages/anyio/_core/__pycache__/_resources.cpython-313.pyc matches /Users/raushan/Desktop/hackathon/warroom/backend/.venv/lib/python3.13/site-packages/anyio/_core/_resources.py
# code object from '/Users/raushan/Desktop/hackathon/warroom/backend/.venv/lib/python3.13/site-packages/anyio/_core/__pycache__/_resources.cpython-313.pyc'
import 'anyio._core._resources' # <_frozen_importlib_external.SourceFileLoader object at 0x10107ef90>
# /Users/raushan/Desktop/hackathon/warroom/backend/.venv/lib/python3.13/site-packages/anyio/_core/__pycache__/_signals.cpython-313.pyc matches /Users/raushan/Desktop/hackathon/warroom/backend/.venv/lib/python3.13/site-packages/anyio/_core/_signals.py
# code object from '/Users/raushan/Desktop/hackathon/warroom/backend/.venv/lib/python3.13/site-packages/anyio/_core/__pycache__/_signals.cpython-313.pyc'
import 'anyio._core._signals' # <_frozen_importlib_external.SourceFileLoader object at 0x1010ebf50>
# /Users/raushan/Desktop/hackathon/warroom/backend/.venv/lib/python3.13/site-packages/anyio/_core/__pycache__/_sockets.cpython-313.pyc matches /Users/raushan/Desktop/hackathon/warroom/backend/.venv/lib/python3.13/site-packages/anyio/_core/_sockets.py
# code object from '/Users/raushan/Desktop/hackathon/warroom/backend/.venv/lib/python3.13/site-packages/anyio/_core/__pycache__/_sockets.cpython-313.pyc'
# /opt/homebrew/Cellar/python@3.13/3.13.1/Frameworks/Python.framework/Versions/3.13/lib/python3.13/__pycache__/ssl.cpython-313.pyc matches /opt/homebrew/Cellar/python@3.13/3.13.1/Frameworks/Python.framework/Versions/3.13/lib/python3.13/ssl.py
# code object from '/opt/homebrew/Cellar/python@3.13/3.13.1/Frameworks/Python.framework/Versions/3.13/lib/python3.13/__pycache__/ssl.cpython-313.pyc'
# extension module '_ssl' loaded from '/opt/homebrew/Cellar/python@3.13/3.13.1/Frameworks/Python.framework/Versions/3.13/lib/python3.13/lib-dynload/_ssl.cpython-313-darwin.so'
# extension module '_ssl' executed from '/opt/homebrew/Cellar/python@3.13/3.13.1/Frameworks/Python.framework/Versions/3.13/lib/python3.13/lib-dynload/_ssl.cpython-313-darwin.so'
import '_ssl' # <_frozen_importlib_external.ExtensionFileLoader object at 0x102058e20>
# /opt/homebrew/Cellar/python@3.13/3.13.1/Frameworks/Python.framework/Versions/3.13/lib/python3.13/__pycache__/base64.cpython-313.pyc matches /opt/homebrew/Cellar/python@3.13/3.13.1/Frameworks/Python.framework/Versions/3.13/lib/python3.13/base64.py
# code object from '/opt/homebrew/Cellar/python@3.13/3.13.1/Frameworks/Python.framework/Versions/3.13/lib/python3.13/__pycache__/base64.cpython-313.pyc'
# /opt/homebrew/Cellar/python@3.13/3.13.1/Frameworks/Python.framework/Versions/3.13/lib/python3.13/__pycache__/struct.cpython-313.pyc matches /opt/homebrew/Cellar/python@3.13/3.13.1/Frameworks/Python.framework/Versions/3.13/lib/python3.13/struct.py
# code object from '/opt/homebrew/Cellar/python@3.13/3.13.1/Frameworks/Python.framework/Versions/3.13/lib/python3.13/__pycache__/struct.cpython-313.pyc'
# extension module '_struct' loaded from '/opt/homebrew/Cellar/python@3.13/3.13.1/Frameworks/Python.framework/Versions/3.13/lib/python3.13/lib-dynload/_struct.cpython-313-darwin.so'
# extension module '_struct' executed from '/opt/homebrew/Cellar/python@3.13/3.13.1/Frameworks/Python.framework/Versions/3.13/lib/python3.13/lib-dynload/_struct.cpython-313-darwin.so'
import '_struct' # <_frozen_importlib_external.ExtensionFileLoader object at 0x1020a9f50>
import 'struct' # <_frozen_importlib_external.SourceFileLoader object at 0x1020a1d30>
# extension module 'binascii' loaded from '/opt/homebrew/Cellar/python@3.13/3.13.1/Frameworks/Python.framework/Versions/3.13/lib/python3.13/lib-dynload/binascii.cpython-313-darwin.so'
# extension module 'binascii' executed from '/opt/homebrew/Cellar/python@3.13/3.13.1/Frameworks/Python.framework/Versions/3.13/lib/python3.13/lib-dynload/binascii.cpython-313-darwin.so'
import 'binascii' # <_frozen_importlib_external.ExtensionFileLoader object at 0x1020aa150>
import 'base64' # <_frozen_importlib_external.SourceFileLoader object at 0x1020a1a90>
import 'ssl' # <_frozen_importlib_external.SourceFileLoader object at 0x10203f1d0>
# /Users/raushan/Desktop/hackathon/warroom/backend/.venv/lib/python3.13/site-packages/anyio/streams/__pycache__/__init__.cpython-313.pyc matches /Users/raushan/Desktop/hackathon/warroom/backend/.venv/lib/python3.13/site-packages/anyio/streams/__init__.py
# code object from '/Users/raushan/Desktop/hackathon/warroom/backend/.venv/lib/python3.13/site-packages/anyio/streams/__pycache__/__init__.cpython-313.pyc'
import 'anyio.streams' # <_frozen_importlib_external.SourceFileLoader object at 0x1020a2330>
# /Users/raushan/Desktop/hackathon/warroom/backend/.venv/lib/python3.13/site-packages/anyio/streams/__pycache__/stapled.cpython-313.pyc matches /Users/raushan/Desktop/hackathon/warroom/backend/.venv/lib/python3.13/site-packages/anyio/streams/stapled.py
# code object from '/Users/raushan/Desktop/hackathon/warroom/backend/.venv/lib/python3.13/site-packages/anyio/streams/__pycache__/stapled.cpython-313.pyc'
import 'anyio.streams.stapled' # <_frozen_importlib_external.SourceFileLoader object at 0x10203f710>
# /Users/raushan/Desktop/hackathon/warroom/backend/.venv/lib/python3.13/site-packages/anyio/streams/__pycache__/tls.cpython-313.pyc matches /Users/raushan/Desktop/hackathon/warroom/backend/.venv/lib/python3.13/site-packages/anyio/streams/tls.py
# code object from '/Users/raushan/Desktop/hackathon/warroom/backend/.venv/lib/python3.13/site-packages/anyio/streams/__pycache__/tls.cpython-313.pyc'
import 'anyio.streams.tls' # <_frozen_importlib_external.SourceFileLoader object at 0x1020a2450>
import 'anyio._core._sockets' # <_frozen_importlib_external.SourceFileLoader object at 0x1011c6810>
# /Users/raushan/Desktop/hackathon/warroom/backend/.venv/lib/python3.13/site-packages/anyio/_core/__pycache__/_streams.cpython-313.pyc matches /Users/raushan/Desktop/hackathon/warroom/backend/.venv/lib/python3.13/site-packages/anyio/_core/_streams.py
# code object from '/Users/raushan/Desktop/hackathon/warroom/backend/.venv/lib/python3.13/site-packages/anyio/_core/__pycache__/_streams.cpython-313.pyc'
# /Users/raushan/Desktop/hackathon/warroom/backend/.venv/lib/python3.13/site-packages/anyio/streams/__pycache__/memory.cpython-313.pyc matches /Users/raushan/Desktop/hackathon/warroom/backend/.venv/lib/python3.13/site-packages/anyio/streams/memory.py
# code object from '/Users/raushan/Desktop/hackathon/warroom/backend/.venv/lib/python3.13/site-packages/anyio/streams/__pycache__/memory.cpython-313.pyc'
import 'anyio.streams.memory' # <_frozen_importlib_external.SourceFileLoader object at 0x1020a32f0>
import 'anyio._core._streams' # <_frozen_importlib_external.SourceFileLoader object at 0x10203f050>
# /Users/raushan/Desktop/hackathon/warroom/backend/.venv/lib/python3.13/site-packages/anyio/_core/__pycache__/_subprocesses.cpython-313.pyc matches /Users/raushan/Desktop/hackathon/warroom/backend/.venv/lib/python3.13/site-packages/anyio/_core/_subprocesses.py
# code object from '/Users/raushan/Desktop/hackathon/warroom/backend/.venv/lib/python3.13/site-packages/anyio/_core/__pycache__/_subprocesses.cpython-313.pyc'
# /opt/homebrew/Cellar/python@3.13/3.13.1/Frameworks/Python.framework/Versions/3.13/lib/python3.13/__pycache__/subprocess.cpython-313.pyc matches /opt/homebrew/Cellar/python@3.13/3.13.1/Frameworks/Python.framework/Versions/3.13/lib/python3.13/subprocess.py
# code object from '/opt/homebrew/Cellar/python@3.13/3.13.1/Frameworks/Python.framework/Versions/3.13/lib/python3.13/__pycache__/subprocess.cpython-313.pyc'
# /opt/homebrew/Cellar/python@3.13/3.13.1/Frameworks/Python.framework/Versions/3.13/lib/python3.13/__pycache__/locale.cpython-313.pyc matches /opt/homebrew/Cellar/python@3.13/3.13.1/Frameworks/Python.framework/Versions/3.13/lib/python3.13/locale.py
# code object from '/opt/homebrew/Cellar/python@3.13/3.13.1/Frameworks/Python.framework/Versions/3.13/lib/python3.13/__pycache__/locale.cpython-313.pyc'
import '_locale' # <class '_frozen_importlib.BuiltinImporter'>
import 'locale' # <_frozen_importlib_external.SourceFileLoader object at 0x1020a3d10>
# extension module 'fcntl' loaded from '/opt/homebrew/Cellar/python@3.13/3.13.1/Frameworks/Python.framework/Versions/3.13/lib/python3.13/lib-dynload/fcntl.cpython-313-darwin.so'
# extension module 'fcntl' executed from '/opt/homebrew/Cellar/python@3.13/3.13.1/Frameworks/Python.framework/Versions/3.13/lib/python3.13/lib-dynload/fcntl.cpython-313-darwin.so'
import 'fcntl' # <_frozen_importlib_external.ExtensionFileLoader object at 0x1020466c0>
# extension module '_posixsubprocess' loaded from '/opt/homebrew/Cellar/python@3.13/3.13.1/Frameworks/Python.framework/Versions/3.13/lib/python3.13/lib-dynload/_posixsubprocess.cpython-313-darwin.so'
# extension module '_posixsubprocess' executed from '/opt/homebrew/Cellar/python@3.13/3.13.1/Frameworks/Python.framework/Versions/3.13/lib/python3.13/lib-dynload/_posixsubprocess.cpython-313-darwin.so'
import '_posixsubprocess' # <_frozen_importlib_external.ExtensionFileLoader object at 0x1020473e0>
import 'subprocess' # <_frozen_importlib_external.SourceFileLoader object at 0x1020a3ad0>
import 'anyio._core._subprocesses' # <_frozen_importlib_external.SourceFileLoader object at 0x1020a3290>
# /Users/raushan/Desktop/hackathon/warroom/backend/.venv/lib/python3.13/site-packages/anyio/_core/__pycache__/_tempfile.cpython-313.pyc matches /Users/raushan/Desktop/hackathon/warroom/backend/.venv/lib/python3.13/site-packages/anyio/_core/_tempfile.py
# code object from '/Users/raushan/Desktop/hackathon/warroom/backend/.venv/lib/python3.13/site-packages/anyio/_core/__pycache__/_tempfile.cpython-313.pyc'
# /opt/homebrew/Cellar/python@3.13/3.13.1/Frameworks/Python.framework/Versions/3.13/lib/python3.13/__pycache__/tempfile.cpython-313.pyc matches /opt/homebrew/Cellar/python@3.13/3.13.1/Frameworks/Python.framework/Versions/3.13/lib/python3.13/tempfile.py
# code object from '/opt/homebrew/Cellar/python@3.13/3.13.1/Frameworks/Python.framework/Versions/3.13/lib/python3.13/__pycache__/tempfile.cpython-313.pyc'
# /opt/homebrew/Cellar/python@3.13/3.13.1/Frameworks/Python.framework/Versions/3.13/lib/python3.13/__pycache__/shutil.cpython-313.pyc matches /opt/homebrew/Cellar/python@3.13/3.13.1/Frameworks/Python.framework/Versions/3.13/lib/python3.13/shutil.py
# code object from '/opt/homebrew/Cellar/python@3.13/3.13.1/Frameworks/Python.framework/Versions/3.13/lib/python3.13/__pycache__/shutil.cpython-313.pyc'
# extension module 'zlib' loaded from '/opt/homebrew/Cellar/python@3.13/3.13.1/Frameworks/Python.framework/Versions/3.13/lib/python3.13/lib-dynload/zlib.cpython-313-darwin.so'
# extension module 'zlib' executed from '/opt/homebrew/Cellar/python@3.13/3.13.1/Frameworks/Python.framework/Versions/3.13/lib/python3.13/lib-dynload/zlib.cpython-313-darwin.so'
import 'zlib' # <_frozen_importlib_external.ExtensionFileLoader object at 0x10231cf30>
# /opt/homebrew/Cellar/python@3.13/3.13.1/Frameworks/Python.framework/Versions/3.13/lib/python3.13/__pycache__/bz2.cpython-313.pyc matches /opt/homebrew/Cellar/python@3.13/3.13.1/Frameworks/Python.framework/Versions/3.13/lib/python3.13/bz2.py
# code object from '/opt/homebrew/Cellar/python@3.13/3.13.1/Frameworks/Python.framework/Versions/3.13/lib/python3.13/__pycache__/bz2.cpython-313.pyc'
# /opt/homebrew/Cellar/python@3.13/3.13.1/Frameworks/Python.framework/Versions/3.13/lib/python3.13/__pycache__/_compression.cpython-313.pyc matches /opt/homebrew/Cellar/python@3.13/3.13.1/Frameworks/Python.framework/Versions/3.13/lib/python3.13/_compression.py
# code object from '/opt/homebrew/Cellar/python@3.13/3.13.1/Frameworks/Python.framework/Versions/3.13/lib/python3.13/__pycache__/_compression.cpython-313.pyc'
import '_compression' # <_frozen_importlib_external.SourceFileLoader object at 0x1022effb0>
# extension module '_bz2' loaded from '/opt/homebrew/Cellar/python@3.13/3.13.1/Frameworks/Python.framework/Versions/3.13/lib/python3.13/lib-dynload/_bz2.cpython-313-darwin.so'
# extension module '_bz2' executed from '/opt/homebrew/Cellar/python@3.13/3.13.1/Frameworks/Python.framework/Versions/3.13/lib/python3.13/lib-dynload/_bz2.cpython-313-darwin.so'
import '_bz2' # <_frozen_importlib_external.ExtensionFileLoader object at 0x10231d2b0>
import 'bz2' # <_frozen_importlib_external.SourceFileLoader object at 0x1022ef350>
# /opt/homebrew/Cellar/python@3.13/3.13.1/Frameworks/Python.framework/Versions/3.13/lib/python3.13/__pycache__/lzma.cpython-313.pyc matches /opt/homebrew/Cellar/python@3.13/3.13.1/Frameworks/Python.framework/Versions/3.13/lib/python3.13/lzma.py
# code object from '/opt/homebrew/Cellar/python@3.13/3.13.1/Frameworks/Python.framework/Versions/3.13/lib/python3.13/__pycache__/lzma.cpython-313.pyc'
# extension module '_lzma' loaded from '/opt/homebrew/Cellar/python@3.13/3.13.1/Frameworks/Python.framework/Versions/3.13/lib/python3.13/lib-dynload/_lzma.cpython-313-darwin.so'
# extension module '_lzma' executed from '/opt/homebrew/Cellar/python@3.13/3.13.1/Frameworks/Python.framework/Versions/3.13/lib/python3.13/lib-dynload/_lzma.cpython-313-darwin.so'
import '_lzma' # <_frozen_importlib_external.ExtensionFileLoader object at 0x102348460>
import 'lzma' # <_frozen_importlib_external.SourceFileLoader object at 0x1022efad0>
import 'shutil' # <_frozen_importlib_external.SourceFileLoader object at 0x1022ee030>
# /opt/homebrew/Cellar/python@3.13/3.13.1/Frameworks/Python.framework/Versions/3.13/lib/python3.13/__pycache__/random.cpython-313.pyc matches /opt/homebrew/Cellar/python@3.13/3.13.1/Frameworks/Python.framework/Versions/3.13/lib/python3.13/random.py
# code object from '/opt/homebrew/Cellar/python@3.13/3.13.1/Frameworks/Python.framework/Versions/3.13/lib/python3.13/__pycache__/random.cpython-313.pyc'
# /opt/homebrew/Cellar/python@3.13/3.13.1/Frameworks/Python.framework/Versions/3.13/lib/python3.13/__pycache__/bisect.cpython-313.pyc matches /opt/homebrew/Cellar/python@3.13/3.13.1/Frameworks/Python.framework/Versions/3.13/lib/python3.13/bisect.py
# code object from '/opt/homebrew/Cellar/python@3.13/3.13.1/Frameworks/Python.framework/Versions/3.13/lib/python3.13/__pycache__/bisect.cpython-313.pyc'
# extension module '_bisect' loaded from '/opt/homebrew/Cellar/python@3.13/3.13.1/Frameworks/Python.framework/Versions/3.13/lib/python3.13/lib-dynload/_bisect.cpython-313-darwin.so'
# extension module '_bisect' executed from '/opt/homebrew/Cellar/python@3.13/3.13.1/Frameworks/Python.framework/Versions/3.13/lib/python3.13/lib-dynload/_bisect.cpython-313-darwin.so'
import '_bisect' # <_frozen_importlib_external.ExtensionFileLoader object at 0x1022e59d0>
import 'bisect' # <_frozen_importlib_external.SourceFileLoader object at 0x102354d70>
# extension module '_random' loaded from '/opt/homebrew/Cellar/python@3.13/3.13.1/Frameworks/Python.framework/Versions/3.13/lib/python3.13/lib-dynload/_random.cpython-313-darwin.so'
# extension module '_random' executed from '/opt/homebrew/Cellar/python@3.13/3.13.1/Frameworks/Python.framework/Versions/3.13/lib/python3.13/lib-dynload/_random.cpython-313-darwin.so'
import '_random' # <_frozen_importlib_external.ExtensionFileLoader object at 0x1022e5790>
import 'random' # <_frozen_importlib_external.SourceFileLoader object at 0x1022ef8f0>
import 'tempfile' # <_frozen_importlib_external.SourceFileLoader object at 0x1022edcd0>
import 'anyio._core._tempfile' # <_frozen_importlib_external.SourceFileLoader object at 0x1020a3830>
import 'anyio' # <_frozen_importlib_external.SourceFileLoader object at 0x100b48d60>
# clear sys.path_importer_cache
# clear sys.path_hooks
# clear builtins._
# clear sys.path
# clear sys.argv
# clear sys.ps1
# clear sys.ps2
# clear sys.last_exc
# clear sys.last_type
# clear sys.last_value
# clear sys.last_traceback
# clear sys.__interactivehook__
# clear sys.meta_path
# restore sys.stdin
# restore sys.stdout
# restore sys.stderr
# cleanup[2] removing sys
# cleanup[2] removing builtins
# cleanup[2] removing _frozen_importlib
# cleanup[2] removing _imp
# cleanup[2] removing _thread
# cleanup[2] removing _warnings
# cleanup[2] removing _weakref
# cleanup[2] removing _io
# cleanup[2] removing marshal
# cleanup[2] removing posix
# cleanup[2] removing _frozen_importlib_external
# cleanup[2] removing time
# cleanup[2] removing zipimport
# destroy zipimport
# cleanup[2] removing _codecs
# cleanup[2] removing codecs
# cleanup[2] removing encodings.aliases
# cleanup[2] removing encodings
# cleanup[2] removing encodings.utf_8
# cleanup[2] removing _signal
# cleanup[2] removing _abc
# cleanup[2] removing abc
# cleanup[2] removing io
# cleanup[2] removing __main__
# destroy __main__
# cleanup[2] removing _stat
# cleanup[2] removing stat
# cleanup[2] removing _collections_abc
# cleanup[2] removing errno
# cleanup[2] removing genericpath
# cleanup[2] removing posixpath
# cleanup[2] removing os.path
# cleanup[2] removing os
# cleanup[2] removing _sitebuiltins
# cleanup[2] removing collections.abc
# cleanup[2] removing itertools
# cleanup[2] removing keyword
# cleanup[2] removing _operator
# cleanup[2] removing operator
# cleanup[2] removing reprlib
# destroy reprlib
# cleanup[2] removing _collections
# cleanup[2] removing collections
# cleanup[2] removing _functools
# cleanup[2] removing functools
# cleanup[2] removing types
# cleanup[2] removing enum
# cleanup[2] removing _sre
# cleanup[2] removing re._constants
# cleanup[2] removing re._parser
# cleanup[2] removing re._casefix
# cleanup[2] removing re._compiler
# cleanup[2] removing copyreg
# cleanup[2] removing re
# cleanup[2] removing sitecustomize
# destroy sitecustomize
# cleanup[2] removing site
# destroy site
# cleanup[2] removing linecache
# cleanup[2] removing __future__
# destroy __future__
# cleanup[2] removing anyio._core
# cleanup[2] removing contextlib
# cleanup[2] removing _ast
# destroy _ast
# cleanup[2] removing ast
# cleanup[2] removing _opcode
# cleanup[2] removing _opcode_metadata
# destroy _opcode_metadata
# cleanup[2] removing opcode
# destroy opcode
# cleanup[2] removing dis
# cleanup[2] removing importlib._bootstrap
# cleanup[2] removing importlib._bootstrap_external
# cleanup[2] removing importlib
# cleanup[2] removing importlib.machinery
# cleanup[2] removing token
# cleanup[2] removing _tokenize
# cleanup[2] removing tokenize
# cleanup[2] removing _weakrefset
# destroy _weakrefset
# cleanup[2] removing weakref
# cleanup[2] removing inspect
# cleanup[2] removing _typing
# cleanup[2] removing typing
# destroy typing
# cleanup[2] removing anyio._core._contextmanagers
# cleanup[2] removing math
# cleanup[2] removing warnings
# cleanup[2] removing threading
# cleanup[2] removing _contextvars
# cleanup[2] removing contextvars
# destroy contextvars
# cleanup[2] removing textwrap
# cleanup[2] removing anyio._core._exceptions
# cleanup[2] removing sniffio._version
# cleanup[2] removing sniffio._impl
# cleanup[2] removing sniffio
# cleanup[2] removing anyio._core._eventloop
# cleanup[2] removing fnmatch
# cleanup[2] removing glob
# destroy glob
# cleanup[2] removing pathlib._abc
# cleanup[2] removing ntpath
# cleanup[2] removing pwd
# cleanup[2] removing grp
# cleanup[2] removing pathlib._local
# cleanup[2] removing pathlib
# cleanup[2] removing copy
# cleanup[2] removing dataclasses
# destroy dataclasses
# cleanup[2] removing signal
# cleanup[2] removing _socket
# cleanup[2] removing select
# cleanup[2] removing selectors
# cleanup[2] removing array
# cleanup[2] removing socket
# cleanup[2] removing anyio.abc._eventloop
# cleanup[2] removing anyio.abc._resources
# cleanup[2] removing ipaddress
# destroy ipaddress
# cleanup[2] removing anyio._core._typedattr
# cleanup[2] removing anyio.abc._tasks
# cleanup[2] removing anyio.abc._streams
# cleanup[2] removing anyio.abc._sockets
# cleanup[2] removing anyio.abc._subprocesses
# cleanup[2] removing anyio.abc._testing
# cleanup[2] removing anyio.lowlevel
# cleanup[2] removing anyio._core._tasks
# cleanup[2] removing anyio._core._testing
# cleanup[2] removing anyio._core._synchronization
# cleanup[2] removing concurrent
# destroy concurrent
# cleanup[2] removing _colorize
# cleanup[2] removing traceback
# cleanup[2] removing _string
# cleanup[2] removing string
# destroy string
# cleanup[2] removing atexit
# cleanup[2] removing logging
# cleanup[2] removing concurrent.futures._base
# cleanup[2] removing concurrent.futures
# destroy concurrent.futures
# cleanup[2] removing anyio.from_thread
# cleanup[2] removing anyio.abc
# cleanup[2] removing anyio.to_thread
# cleanup[2] removing anyio._core._fileio
# cleanup[2] removing anyio._core._resources
# cleanup[2] removing anyio._core._signals
# cleanup[2] removing _ssl
# cleanup[2] removing _struct
# cleanup[2] removing struct
# cleanup[2] removing binascii
# cleanup[2] removing base64
# cleanup[2] removing ssl
# cleanup[2] removing anyio.streams
# cleanup[2] removing anyio.streams.stapled
# cleanup[2] removing anyio.streams.tls
# cleanup[2] removing anyio._core._sockets
# cleanup[2] removing anyio.streams.memory
# cleanup[2] removing anyio._core._streams
# cleanup[2] removing _locale
# cleanup[2] removing locale
# cleanup[2] removing fcntl
# cleanup[2] removing _posixsubprocess
# cleanup[2] removing subprocess
# destroy subprocess
# cleanup[2] removing anyio._core._subprocesses
# cleanup[2] removing zlib
# cleanup[2] removing _compression
# cleanup[2] removing _bz2
# cleanup[2] removing bz2
# destroy bz2
# cleanup[2] removing _lzma
# cleanup[2] removing lzma
# destroy lzma
# cleanup[2] removing shutil
# cleanup[2] removing _bisect
# cleanup[2] removing bisect
# destroy bisect
# cleanup[2] removing _random
# cleanup[2] removing random
# destroy random
# cleanup[2] removing tempfile
# cleanup[2] removing anyio._core._tempfile
# cleanup[2] removing anyio
# destroy anyio
# destroy anyio._core._contextmanagers
# destroy anyio._core._exceptions
# destroy anyio._core._eventloop
# destroy anyio._core._typedattr
# destroy anyio._core._tasks
# destroy anyio._core._testing
# destroy anyio._core._synchronization
# destroy anyio._core._fileio
# destroy anyio._core._resources
# destroy anyio._core._signals
# destroy anyio._core._sockets
# destroy anyio._core._streams
# destroy anyio._core._subprocesses
# destroy anyio._core._tempfile
# destroy _contextvars
# destroy anyio.abc._eventloop
# destroy anyio.abc._resources
# destroy anyio.abc._tasks
# destroy anyio.abc._streams
# destroy anyio.abc._sockets
# destroy anyio.abc._subprocesses
# destroy anyio.abc._testing
# destroy _signal
# destroy _sitebuiltins
# destroy concurrent.futures._base
# destroy zlib
# destroy _bz2
# destroy anyio.streams.stapled
# destroy anyio.streams.tls
# destroy anyio.streams.memory
# destroy encodings
# destroy _locale
# destroy anyio._core
# destroy anyio.lowlevel
# destroy anyio.from_thread
# destroy anyio.abc
# destroy anyio.streams
# destroy _lzma
# destroy _compression
# destroy locale
# destroy signal
# destroy fcntl
# destroy _posixsubprocess
# cleanup[3] wiping tempfile
# destroy shutil
# cleanup[3] wiping _random
# cleanup[3] wiping _bisect
# cleanup[3] wiping ssl
# destroy base64
# cleanup[3] wiping binascii
# cleanup[3] wiping struct
# cleanup[3] wiping _struct
# cleanup[3] wiping _ssl
# cleanup[3] wiping anyio.to_thread
# cleanup[3] wiping logging
# destroy traceback
# destroy weakref
# cleanup[3] wiping atexit
# destroy atexit
# cleanup[3] wiping _string
# cleanup[3] wiping _colorize
# cleanup[3] wiping socket
# destroy selectors
# cleanup[3] wiping array
# cleanup[3] wiping select
# cleanup[3] wiping _socket
# cleanup[3] wiping copy
# cleanup[3] wiping pathlib
# destroy pathlib._abc
# destroy pathlib._local
# cleanup[3] wiping grp
# cleanup[3] wiping pwd
# cleanup[3] wiping ntpath
# cleanup[3] wiping fnmatch
# cleanup[3] wiping sniffio
# destroy sniffio._version
# destroy sniffio._impl
# cleanup[3] wiping textwrap
# cleanup[3] wiping threading
# cleanup[3] wiping warnings
# cleanup[3] wiping math
# cleanup[3] wiping _typing
# cleanup[3] wiping inspect
# destroy ast
# destroy dis
# destroy importlib
# destroy tokenize
# destroy token
# cleanup[3] wiping _tokenize
# cleanup[3] wiping importlib.machinery
# cleanup[3] wiping importlib._bootstrap_external
# cleanup[3] wiping importlib._bootstrap
# cleanup[3] wiping _opcode
# cleanup[3] wiping contextlib
# cleanup[3] wiping linecache
# cleanup[3] wiping re
# destroy re._constants
# destroy re._casefix
# destroy re._compiler
# cleanup[3] wiping copyreg
# cleanup[3] wiping re._parser
# cleanup[3] wiping _sre
# cleanup[3] wiping enum
# cleanup[3] wiping types
# cleanup[3] wiping functools
# cleanup[3] wiping _functools
# cleanup[3] wiping collections
# cleanup[3] wiping _collections
# cleanup[3] wiping operator
# cleanup[3] wiping _operator
# cleanup[3] wiping keyword
# cleanup[3] wiping itertools
# cleanup[3] wiping collections.abc
# cleanup[3] wiping os
# cleanup[3] wiping os.path
# destroy genericpath
# cleanup[3] wiping posixpath
# cleanup[3] wiping errno
# cleanup[3] wiping _collections_abc
# cleanup[3] wiping stat
# cleanup[3] wiping _stat
# cleanup[3] wiping io
# cleanup[3] wiping abc
# cleanup[3] wiping _abc
# cleanup[3] wiping encodings.utf_8
# cleanup[3] wiping encodings.aliases
# cleanup[3] wiping codecs
# cleanup[3] wiping _codecs
# cleanup[3] wiping time
# cleanup[3] wiping _frozen_importlib_external
# cleanup[3] wiping posix
# cleanup[3] wiping marshal
# destroy marshal
# cleanup[3] wiping _io
# cleanup[3] wiping _weakref
# cleanup[3] wiping _warnings
# destroy _warnings
# cleanup[3] wiping _thread
# cleanup[3] wiping _imp
# cleanup[3] wiping _frozen_importlib
# cleanup[3] wiping sys
# cleanup[3] wiping builtins
# destroy sys.monitoring
# destroy linecache
# destroy textwrap
# destroy _colorize
# destroy _collections_abc
# destroy _weakref
# destroy _collections
# destroy re._parser
# destroy _string
# destroy _functools
# destroy copyreg
# destroy _typing
# destroy enum
# destroy _thread
# destroy pathlib
# destroy tempfile
# destroy ssl
# destroy anyio.to_thread
# destroy copy
# destroy inspect
# destroy keyword
# destroy abc
# destroy _socket
# destroy sniffio
# destroy socket
# destroy _imp
# destroy _frozen_importlib_external
# destroy importlib.machinery
# destroy logging
# destroy time
# destroy types
# destroy _opcode
# destroy _io
# destroy _stat
# destroy io
# destroy ntpath
# destroy posixpath
# destroy warnings
# destroy pwd
# destroy grp
# destroy array
# destroy _ssl
# destroy struct
# destroy binascii
# destroy collections
# destroy errno
# destroy threading
# destroy _tokenize
# destroy contextlib
# destroy fnmatch
# destroy functools
# destroy operator
# destroy stat
# destroy _struct
# clear sys.meta_path
# clear sys.modules
# destroy _frozen_importlib
# destroy codecs
# destroy encodings.aliases
# destroy encodings.utf_8
# destroy builtins
# destroy math
# destroy _bisect
# destroy os
# destroy _random
# destroy sys
# destroy re
# destroy select
# destroy posix
# destroy _operator
# destroy _sre
# destroy _abc
# destroy _codecs
# destroy itertools
# clear sys.audit hooks
